<?xml version="1.0" encoding="UTF-8"?>
<testsuite name="com.example.fastcam.FastcamApplicationTests" tests="1" skipped="0" failures="0" errors="0" timestamp="2024-11-27T13:35:49" hostname="ganghyowon-ui-MacBookAir.local" time="0.405">
  <properties/>
  <testcase name="contextLoads()" classname="com.example.fastcam.FastcamApplicationTests" time="0.405"/>
  <system-out><![CDATA[22:35:47.946 [Test worker] INFO org.springframework.test.context.support.AnnotationConfigContextLoaderUtils -- Could not detect default configuration classes for test class [com.example.fastcam.FastcamApplicationTests]: FastcamApplicationTests does not declare any static, non-private, non-final, nested classes annotated with @Configuration.
22:35:47.986 [Test worker] INFO org.springframework.boot.test.context.SpringBootTestContextBootstrapper -- Found @SpringBootConfiguration com.example.fastcam.FastcamApplication for test class com.example.fastcam.FastcamApplicationTests

  .   ____          _            __ _ _
 /\\ / ___'_ __ _ _(_)_ __  __ _ \ \ \ \
( ( )\___ | '_ | '_| | '_ \/ _` | \ \ \ \
 \\/  ___)| |_)| | | | | || (_| |  ) ) ) )
  '  |____| .__|_| |_|_| |_\__, | / / / /
 =========|_|==============|___/=/_/_/_/

 :: Spring Boot ::                (v3.4.0)

2024-11-27T22:35:48.208+09:00  INFO 59028 --- [    Test worker] c.e.fastcam.FastcamApplicationTests      : Starting FastcamApplicationTests using Java 17.0.9 with PID 59028 (started by jayden in /Users/jayden/Downloads/fastcam)
2024-11-27T22:35:48.209+09:00  INFO 59028 --- [    Test worker] c.e.fastcam.FastcamApplicationTests      : No active profile set, falling back to 1 default profile: "default"
2024-11-27T22:35:48.845+09:00 DEBUG 59028 --- [    Test worker] s.w.s.m.m.a.RequestMappingHandlerMapping : 2 mappings in 'requestMappingHandlerMapping'
2024-11-27T22:35:48.889+09:00 DEBUG 59028 --- [    Test worker] o.s.w.s.handler.SimpleUrlHandlerMapping  : Patterns [/webjars/**, /**, /api/explorer/**] in 'resourceHandlerMapping'
2024-11-27T22:35:48.913+09:00 DEBUG 59028 --- [    Test worker] s.w.s.m.m.a.RequestMappingHandlerAdapter : ControllerAdvice beans: 0 @ModelAttribute, 0 @InitBinder, 1 RequestBodyAdvice, 1 ResponseBodyAdvice
2024-11-27T22:35:48.948+09:00 DEBUG 59028 --- [    Test worker] .m.m.a.ExceptionHandlerExceptionResolver : ControllerAdvice beans: 1 @ExceptionHandler, 1 ResponseBodyAdvice
2024-11-27T22:35:48.958+09:00 DEBUG 59028 --- [    Test worker] .m.m.a.ExceptionHandlerExceptionResolver : ControllerAdvice beans: 1 @ExceptionHandler, 0 ResponseBodyAdvice
2024-11-27T22:35:49.123+09:00  WARN 59028 --- [    Test worker] .s.s.UserDetailsServiceAutoConfiguration : 

Using generated security password: a3e47526-dae2-4194-af93-f72f73f9b223

This generated password is for development use only. Your security configuration must be updated before running your application in production.

2024-11-27T22:35:49.161+09:00  INFO 59028 --- [    Test worker] r$InitializeUserDetailsManagerConfigurer : Global AuthenticationManager configured with UserDetailsService bean with name inMemoryUserDetailsManager
2024-11-27T22:35:49.231+09:00  INFO 59028 --- [    Test worker] o.s.b.a.e.web.EndpointLinksResolver      : Exposing 1 endpoint beneath base path '/actuator'
2024-11-27T22:35:49.314+09:00  INFO 59028 --- [    Test worker] c.e.fastcam.FastcamApplicationTests      : Started FastcamApplicationTests in 1.27 seconds (process running for 1.812)
]]></system-out>
  <system-err><![CDATA[]]></system-err>
</testsuite>
